0 verbose cli C:\Program Files\nodejs\node.exe C:\Program Files\nodejs\node_modules\npm\bin\npm-cli.js
1 info using npm@8.19.3
2 info using node@v18.13.0
3 timing npm:load:whichnode Completed in 5ms
4 timing config:load:defaults Completed in 14ms
5 timing config:load:file:C:\Program Files\nodejs\node_modules\npm\npmrc Completed in 53ms
6 timing config:load:builtin Completed in 60ms
7 timing config:load:cli Completed in 16ms
8 timing config:load:env Completed in 4ms
9 timing config:load:file:D:\wamp64\www\PT-CMS\.npmrc Completed in 1ms
10 timing config:load:project Completed in 13ms
11 timing config:load:file:C:\Users\Abhi Soni\.npmrc Completed in 63ms
12 timing config:load:user Completed in 65ms
13 timing config:load:file:C:\Users\Abhi Soni\AppData\Roaming\npm\etc\npmrc Completed in 2ms
14 timing config:load:global Completed in 6ms
15 timing config:load:validate Completed in 5ms
16 timing config:load:credentials Completed in 21ms
17 timing config:load:setEnvs Completed in 6ms
18 timing config:load Completed in 214ms
19 timing npm:load:configload Completed in 215ms
20 timing npm:load:mkdirpcache Completed in 19ms
21 timing npm:load:mkdirplogs Completed in 2ms
22 verbose title npm run build
23 verbose argv "run" "build"
24 timing npm:load:setTitle Completed in 18ms
25 timing config:load:flatten Completed in 22ms
26 timing npm:load:display Completed in 32ms
27 verbose logfile logs-max:10 dir:D:\wamp64\www\PT-CMS\Soni\AppData\Roaming\npm-cache\_logs
28 verbose logfile D:\wamp64\www\PT-CMS\Soni\AppData\Roaming\npm-cache\_logs\2023-02-21T05_36_20_743Z-debug-0.log
29 timing npm:load:logFile Completed in 98ms
30 timing npm:load:timers Completed in 1ms
31 timing npm:load:configScope Completed in 0ms
32 timing npm:load Completed in 398ms
33 silly logfile done cleaning log files
34 timing command:run Completed in 29326ms
35 verbose exit 0
36 timing npm Completed in 29848ms
37 info ok
