0 verbose cli C:\Program Files\nodejs\node.exe C:\Program Files\nodejs\node_modules\npm\bin\npm-cli.js
1 info using npm@8.19.3
2 info using node@v18.13.0
3 timing npm:load:whichnode Completed in 1ms
4 timing config:load:defaults Completed in 10ms
5 timing config:load:file:C:\Program Files\nodejs\node_modules\npm\npmrc Completed in 49ms
6 timing config:load:builtin Completed in 50ms
7 timing config:load:cli Completed in 9ms
8 timing config:load:env Completed in 2ms
9 timing config:load:project Completed in 4ms
10 timing config:load:file:C:\Users\Abhi Soni\.npmrc Completed in 1ms
11 timing config:load:user Completed in 2ms
12 timing config:load:file:C:\Users\Abhi Soni\AppData\Roaming\npm\etc\npmrc Completed in 2ms
13 timing config:load:global Completed in 4ms
14 timing config:load:validate Completed in 2ms
15 timing config:load:credentials Completed in 6ms
16 timing config:load:setEnvs Completed in 7ms
17 timing config:load Completed in 99ms
18 timing npm:load:configload Completed in 104ms
19 timing npm:load:mkdirpcache Completed in 3ms
20 timing npm:load:mkdirplogs Completed in 1ms
21 verbose title npm prefix
22 verbose argv "prefix" "--global"
23 timing npm:load:setTitle Completed in 7ms
24 timing config:load:flatten Completed in 31ms
25 timing npm:load:display Completed in 61ms
26 verbose logfile logs-max:10 dir:D:\wamp64\www\PT-CMS\Soni\AppData\Roaming\npm-cache\_logs
27 verbose logfile D:\wamp64\www\PT-CMS\Soni\AppData\Roaming\npm-cache\_logs\2023-02-21T05_36_18_371Z-debug-0.log
28 timing npm:load:logFile Completed in 136ms
29 timing npm:load:timers Completed in 0ms
30 timing npm:load:configScope Completed in 0ms
31 timing npm:load Completed in 321ms
32 timing command:prefix Completed in 25ms
33 verbose exit 0
34 timing npm Completed in 404ms
35 info ok
